2021-06-21T10:37:34+00:00 CRITICAL Uncaught Error: Call to a member function get_cart_item_quantities() on null in /www/viviwater_279/public/wp-content/themes/jasminewater/header.php:26
Stack trace:
#0 /www/viviwater_279/public/wp-includes/template.php(730): require_once()
#1 /www/viviwater_279/public/wp-includes/template.php(676): load_template('/www/viviwater_...', true, Array)
#2 /www/viviwater_279/public/wp-includes/general-template.php(48): locate_template(Array, true, true, Array)
#3 /www/viviwater_279/public/wp-content/themes/jasminewater/404.php(10): get_header()
#4 /www/viviwater_279/public/wp-includes/template-loader.php(106): include('/www/viviwater_...')
#5 /www/viviwater_279/public/wp-blog-header.php(19): require_once('/www/viviwater_...')
#6 /www/viviwater_279/public/index.php(17): require('/www/viviwater_...')
#7 {main}
  thrown in /www/viviwater_279/public/wp-content/themes/jasminewater/header.php on line 26

2021-06-21T10:37:34+00:00 CRITICAL Uncaught Error: Call to a member function get_cart_item_quantities() on null in /www/viviwater_279/public/wp-content/themes/jasminewater/header.php:26
Stack trace:
#0 /www/viviwater_279/public/wp-includes/template.php(730): require_once()
#1 /www/viviwater_279/public/wp-includes/template.php(676): load_template('/www/viviwater_...', true, Array)
#2 /www/viviwater_279/public/wp-includes/general-template.php(48): locate_template(Array, true, true, Array)
#3 /www/viviwater_279/public/wp-content/themes/jasminewater/404.php(10): get_header()
#4 /www/viviwater_279/public/wp-includes/template-loader.php(106): include('/www/viviwater_...')
#5 /www/viviwater_279/public/wp-blog-header.php(19): require_once('/www/viviwater_...')
#6 /www/viviwater_279/public/index.php(17): require('/www/viviwater_...')
#7 {main}
  thrown in /www/viviwater_279/public/wp-content/themes/jasminewater/header.php on line 26

2021-06-21T10:37:36+00:00 CRITICAL Uncaught Error: Call to a member function get_cart_item_quantities() on null in /www/viviwater_279/public/wp-content/themes/jasminewater/header.php:26
Stack trace:
#0 /www/viviwater_279/public/wp-includes/template.php(730): require_once()
#1 /www/viviwater_279/public/wp-includes/template.php(676): load_template('/www/viviwater_...', true, Array)
#2 /www/viviwater_279/public/wp-includes/general-template.php(48): locate_template(Array, true, true, Array)
#3 /www/viviwater_279/public/wp-content/themes/jasminewater/404.php(10): get_header()
#4 /www/viviwater_279/public/wp-includes/template-loader.php(106): include('/www/viviwater_...')
#5 /www/viviwater_279/public/wp-blog-header.php(19): require_once('/www/viviwater_...')
#6 /www/viviwater_279/public/index.php(17): require('/www/viviwater_...')
#7 {main}
  thrown in /www/viviwater_279/public/wp-content/themes/jasminewater/header.php on line 26

2021-06-21T10:38:14+00:00 CRITICAL Uncaught Error: Call to a member function get_cart_item_quantities() on null in /www/viviwater_279/public/wp-content/themes/jasminewater/header.php:26
Stack trace:
#0 /www/viviwater_279/public/wp-includes/template.php(730): require_once()
#1 /www/viviwater_279/public/wp-includes/template.php(676): load_template('/www/viviwater_...', true, Array)
#2 /www/viviwater_279/public/wp-includes/general-template.php(48): locate_template(Array, true, true, Array)
#3 /www/viviwater_279/public/wp-content/themes/jasminewater/404.php(10): get_header()
#4 /www/viviwater_279/public/wp-includes/template-loader.php(106): include('/www/viviwater_...')
#5 /www/viviwater_279/public/wp-blog-header.php(19): require_once('/www/viviwater_...')
#6 /www/viviwater_279/public/index.php(17): require('/www/viviwater_...')
#7 {main}
  thrown in /www/viviwater_279/public/wp-content/themes/jasminewater/header.php on line 26

2021-06-21T10:38:14+00:00 CRITICAL Uncaught Error: Call to a member function get_cart_item_quantities() on null in /www/viviwater_279/public/wp-content/themes/jasminewater/header.php:26
Stack trace:
#0 /www/viviwater_279/public/wp-includes/template.php(730): require_once()
#1 /www/viviwater_279/public/wp-includes/template.php(676): load_template('/www/viviwater_...', true, Array)
#2 /www/viviwater_279/public/wp-includes/general-template.php(48): locate_template(Array, true, true, Array)
#3 /www/viviwater_279/public/wp-content/themes/jasminewater/404.php(10): get_header()
#4 /www/viviwater_279/public/wp-includes/template-loader.php(106): include('/www/viviwater_...')
#5 /www/viviwater_279/public/wp-blog-header.php(19): require_once('/www/viviwater_...')
#6 /www/viviwater_279/public/index.php(17): require('/www/viviwater_...')
#7 {main}
  thrown in /www/viviwater_279/public/wp-content/themes/jasminewater/header.php on line 26

2021-06-21T10:38:16+00:00 CRITICAL Uncaught Error: Call to a member function get_cart_item_quantities() on null in /www/viviwater_279/public/wp-content/themes/jasminewater/header.php:26
Stack trace:
#0 /www/viviwater_279/public/wp-includes/template.php(730): require_once()
#1 /www/viviwater_279/public/wp-includes/template.php(676): load_template('/www/viviwater_...', true, Array)
#2 /www/viviwater_279/public/wp-includes/general-template.php(48): locate_template(Array, true, true, Array)
#3 /www/viviwater_279/public/wp-content/themes/jasminewater/404.php(10): get_header()
#4 /www/viviwater_279/public/wp-includes/template-loader.php(106): include('/www/viviwater_...')
#5 /www/viviwater_279/public/wp-blog-header.php(19): require_once('/www/viviwater_...')
#6 /www/viviwater_279/public/index.php(17): require('/www/viviwater_...')
#7 {main}
  thrown in /www/viviwater_279/public/wp-content/themes/jasminewater/header.php on line 26

2021-06-21T10:38:25+00:00 CRITICAL Uncaught Error: Call to a member function get_cart_item_quantities() on null in /www/viviwater_279/public/wp-content/themes/jasminewater/header.php:26
Stack trace:
#0 /www/viviwater_279/public/wp-includes/template.php(730): require_once()
#1 /www/viviwater_279/public/wp-includes/template.php(676): load_template('/www/viviwater_...', true, Array)
#2 /www/viviwater_279/public/wp-includes/general-template.php(48): locate_template(Array, true, true, Array)
#3 /www/viviwater_279/public/wp-content/themes/jasminewater/404.php(10): get_header()
#4 /www/viviwater_279/public/wp-includes/template-loader.php(106): include('/www/viviwater_...')
#5 /www/viviwater_279/public/wp-blog-header.php(19): require_once('/www/viviwater_...')
#6 /www/viviwater_279/public/index.php(17): require('/www/viviwater_...')
#7 {main}
  thrown in /www/viviwater_279/public/wp-content/themes/jasminewater/header.php on line 26

2021-06-21T10:38:26+00:00 CRITICAL Uncaught Error: Call to a member function get_cart_item_quantities() on null in /www/viviwater_279/public/wp-content/themes/jasminewater/header.php:26
Stack trace:
#0 /www/viviwater_279/public/wp-includes/template.php(730): require_once()
#1 /www/viviwater_279/public/wp-includes/template.php(676): load_template('/www/viviwater_...', true, Array)
#2 /www/viviwater_279/public/wp-includes/general-template.php(48): locate_template(Array, true, true, Array)
#3 /www/viviwater_279/public/wp-content/themes/jasminewater/404.php(10): get_header()
#4 /www/viviwater_279/public/wp-includes/template-loader.php(106): include('/www/viviwater_...')
#5 /www/viviwater_279/public/wp-blog-header.php(19): require_once('/www/viviwater_...')
#6 /www/viviwater_279/public/index.php(17): require('/www/viviwater_...')
#7 {main}
  thrown in /www/viviwater_279/public/wp-content/themes/jasminewater/header.php on line 26

2021-06-21T10:38:27+00:00 CRITICAL Uncaught Error: Call to a member function get_cart_item_quantities() on null in /www/viviwater_279/public/wp-content/themes/jasminewater/header.php:26
Stack trace:
#0 /www/viviwater_279/public/wp-includes/template.php(730): require_once()
#1 /www/viviwater_279/public/wp-includes/template.php(676): load_template('/www/viviwater_...', true, Array)
#2 /www/viviwater_279/public/wp-includes/general-template.php(48): locate_template(Array, true, true, Array)
#3 /www/viviwater_279/public/wp-content/themes/jasminewater/404.php(10): get_header()
#4 /www/viviwater_279/public/wp-includes/template-loader.php(106): include('/www/viviwater_...')
#5 /www/viviwater_279/public/wp-blog-header.php(19): require_once('/www/viviwater_...')
#6 /www/viviwater_279/public/index.php(17): require('/www/viviwater_...')
#7 {main}
  thrown in /www/viviwater_279/public/wp-content/themes/jasminewater/header.php on line 26

2021-06-21T10:38:31+00:00 CRITICAL Uncaught Error: Call to a member function get_cart_item_quantities() on null in /www/viviwater_279/public/wp-content/themes/jasminewater/header.php:26
Stack trace:
#0 /www/viviwater_279/public/wp-includes/template.php(730): require_once()
#1 /www/viviwater_279/public/wp-includes/template.php(676): load_template('/www/viviwater_...', true, Array)
#2 /www/viviwater_279/public/wp-includes/general-template.php(48): locate_template(Array, true, true, Array)
#3 /www/viviwater_279/public/wp-content/themes/jasminewater/404.php(10): get_header()
#4 /www/viviwater_279/public/wp-includes/template-loader.php(106): include('/www/viviwater_...')
#5 /www/viviwater_279/public/wp-blog-header.php(19): require_once('/www/viviwater_...')
#6 /www/viviwater_279/public/index.php(17): require('/www/viviwater_...')
#7 {main}
  thrown in /www/viviwater_279/public/wp-content/themes/jasminewater/header.php on line 26

2021-06-21T10:38:31+00:00 CRITICAL Uncaught Error: Call to a member function get_cart_item_quantities() on null in /www/viviwater_279/public/wp-content/themes/jasminewater/header.php:26
Stack trace:
#0 /www/viviwater_279/public/wp-includes/template.php(730): require_once()
#1 /www/viviwater_279/public/wp-includes/template.php(676): load_template('/www/viviwater_...', true, Array)
#2 /www/viviwater_279/public/wp-includes/general-template.php(48): locate_template(Array, true, true, Array)
#3 /www/viviwater_279/public/wp-content/themes/jasminewater/404.php(10): get_header()
#4 /www/viviwater_279/public/wp-includes/template-loader.php(106): include('/www/viviwater_...')
#5 /www/viviwater_279/public/wp-blog-header.php(19): require_once('/www/viviwater_...')
#6 /www/viviwater_279/public/index.php(17): require('/www/viviwater_...')
#7 {main}
  thrown in /www/viviwater_279/public/wp-content/themes/jasminewater/header.php on line 26

2021-06-21T10:38:32+00:00 CRITICAL Uncaught Error: Call to a member function get_cart_item_quantities() on null in /www/viviwater_279/public/wp-content/themes/jasminewater/header.php:26
Stack trace:
#0 /www/viviwater_279/public/wp-includes/template.php(730): require_once()
#1 /www/viviwater_279/public/wp-includes/template.php(676): load_template('/www/viviwater_...', true, Array)
#2 /www/viviwater_279/public/wp-includes/general-template.php(48): locate_template(Array, true, true, Array)
#3 /www/viviwater_279/public/wp-content/themes/jasminewater/404.php(10): get_header()
#4 /www/viviwater_279/public/wp-includes/template-loader.php(106): include('/www/viviwater_...')
#5 /www/viviwater_279/public/wp-blog-header.php(19): require_once('/www/viviwater_...')
#6 /www/viviwater_279/public/index.php(17): require('/www/viviwater_...')
#7 {main}
  thrown in /www/viviwater_279/public/wp-content/themes/jasminewater/header.php on line 26

2021-06-21T11:39:17+00:00 CRITICAL syntax error, unexpected 'thumbnails' (T_STRING) in /www/viviwater_279/public/wp-content/themes/jasminewater/inc/woocommerce.php on line 40

